INFO: [VRFC 10-2263] Analyzing Verilog file "/home/athanasi/Documents/GitHub/digital-circuit-lab/project_1/project_1.srcs/sources_1/new/LEDdecoder.v" into library xil_defaultlib
INFO: [VRFC 10-311] analyzing module LEDdecoder
INFO: [VRFC 10-2263] Analyzing Verilog file "/home/athanasi/Documents/GitHub/digital-circuit-lab/project_1/project_1.srcs/sources_1/new/FourDigitLEDdriver.v" into library xil_defaultlib
INFO: [VRFC 10-311] analyzing module FourDigitLEDdriver
INFO: [VRFC 10-2458] undeclared symbol CLKOUT0, assumed default net type wire [/home/athanasi/Documents/GitHub/digital-circuit-lab/project_1/project_1.srcs/sources_1/new/FourDigitLEDdriver.v:54]
INFO: [VRFC 10-2458] undeclared symbol CLKOUT0B, assumed default net type wire [/home/athanasi/Documents/GitHub/digital-circuit-lab/project_1/project_1.srcs/sources_1/new/FourDigitLEDdriver.v:55]
INFO: [VRFC 10-2458] undeclared symbol CLKOUT1B, assumed default net type wire [/home/athanasi/Documents/GitHub/digital-circuit-lab/project_1/project_1.srcs/sources_1/new/FourDigitLEDdriver.v:57]
INFO: [VRFC 10-2458] undeclared symbol CLKOUT2, assumed default net type wire [/home/athanasi/Documents/GitHub/digital-circuit-lab/project_1/project_1.srcs/sources_1/new/FourDigitLEDdriver.v:58]
INFO: [VRFC 10-2458] undeclared symbol CLKOUT2B, assumed default net type wire [/home/athanasi/Documents/GitHub/digital-circuit-lab/project_1/project_1.srcs/sources_1/new/FourDigitLEDdriver.v:59]
INFO: [VRFC 10-2458] undeclared symbol CLKOUT3, assumed default net type wire [/home/athanasi/Documents/GitHub/digital-circuit-lab/project_1/project_1.srcs/sources_1/new/FourDigitLEDdriver.v:60]
INFO: [VRFC 10-2458] undeclared symbol CLKOUT3B, assumed default net type wire [/home/athanasi/Documents/GitHub/digital-circuit-lab/project_1/project_1.srcs/sources_1/new/FourDigitLEDdriver.v:61]
INFO: [VRFC 10-2458] undeclared symbol CLKOUT4, assumed default net type wire [/home/athanasi/Documents/GitHub/digital-circuit-lab/project_1/project_1.srcs/sources_1/new/FourDigitLEDdriver.v:62]
INFO: [VRFC 10-2458] undeclared symbol CLKOUT5, assumed default net type wire [/home/athanasi/Documents/GitHub/digital-circuit-lab/project_1/project_1.srcs/sources_1/new/FourDigitLEDdriver.v:63]
INFO: [VRFC 10-2458] undeclared symbol CLKOUT6, assumed default net type wire [/home/athanasi/Documents/GitHub/digital-circuit-lab/project_1/project_1.srcs/sources_1/new/FourDigitLEDdriver.v:64]
INFO: [VRFC 10-2458] undeclared symbol CLKFBOUTB, assumed default net type wire [/home/athanasi/Documents/GitHub/digital-circuit-lab/project_1/project_1.srcs/sources_1/new/FourDigitLEDdriver.v:67]
INFO: [VRFC 10-2458] undeclared symbol LOCKED, assumed default net type wire [/home/athanasi/Documents/GitHub/digital-circuit-lab/project_1/project_1.srcs/sources_1/new/FourDigitLEDdriver.v:69]
INFO: [VRFC 10-2458] undeclared symbol PWRDWN, assumed default net type wire [/home/athanasi/Documents/GitHub/digital-circuit-lab/project_1/project_1.srcs/sources_1/new/FourDigitLEDdriver.v:73]
INFO: [VRFC 10-2458] undeclared symbol RST, assumed default net type wire [/home/athanasi/Documents/GitHub/digital-circuit-lab/project_1/project_1.srcs/sources_1/new/FourDigitLEDdriver.v:74]
INFO: [VRFC 10-2263] Analyzing Verilog file "/home/athanasi/Documents/GitHub/digital-circuit-lab/project_1/project_1.srcs/sources_1/new/FourDigitLEDdriverTextButton.v" into library xil_defaultlib
INFO: [VRFC 10-311] analyzing module FourDigitLEDdriverTextButton
INFO: [VRFC 10-2458] undeclared symbol CLKOUT0, assumed default net type wire [/home/athanasi/Documents/GitHub/digital-circuit-lab/project_1/project_1.srcs/sources_1/new/FourDigitLEDdriverTextButton.v:76]
INFO: [VRFC 10-2458] undeclared symbol CLKOUT0B, assumed default net type wire [/home/athanasi/Documents/GitHub/digital-circuit-lab/project_1/project_1.srcs/sources_1/new/FourDigitLEDdriverTextButton.v:77]
INFO: [VRFC 10-2458] undeclared symbol CLKOUT1B, assumed default net type wire [/home/athanasi/Documents/GitHub/digital-circuit-lab/project_1/project_1.srcs/sources_1/new/FourDigitLEDdriverTextButton.v:79]
INFO: [VRFC 10-2458] undeclared symbol CLKOUT2, assumed default net type wire [/home/athanasi/Documents/GitHub/digital-circuit-lab/project_1/project_1.srcs/sources_1/new/FourDigitLEDdriverTextButton.v:80]
INFO: [VRFC 10-2458] undeclared symbol CLKOUT2B, assumed default net type wire [/home/athanasi/Documents/GitHub/digital-circuit-lab/project_1/project_1.srcs/sources_1/new/FourDigitLEDdriverTextButton.v:81]
INFO: [VRFC 10-2458] undeclared symbol CLKOUT3, assumed default net type wire [/home/athanasi/Documents/GitHub/digital-circuit-lab/project_1/project_1.srcs/sources_1/new/FourDigitLEDdriverTextButton.v:82]
INFO: [VRFC 10-2458] undeclared symbol CLKOUT3B, assumed default net type wire [/home/athanasi/Documents/GitHub/digital-circuit-lab/project_1/project_1.srcs/sources_1/new/FourDigitLEDdriverTextButton.v:83]
INFO: [VRFC 10-2458] undeclared symbol CLKOUT4, assumed default net type wire [/home/athanasi/Documents/GitHub/digital-circuit-lab/project_1/project_1.srcs/sources_1/new/FourDigitLEDdriverTextButton.v:84]
INFO: [VRFC 10-2458] undeclared symbol CLKOUT5, assumed default net type wire [/home/athanasi/Documents/GitHub/digital-circuit-lab/project_1/project_1.srcs/sources_1/new/FourDigitLEDdriverTextButton.v:85]
INFO: [VRFC 10-2458] undeclared symbol CLKOUT6, assumed default net type wire [/home/athanasi/Documents/GitHub/digital-circuit-lab/project_1/project_1.srcs/sources_1/new/FourDigitLEDdriverTextButton.v:86]
INFO: [VRFC 10-2458] undeclared symbol CLKFBOUTB, assumed default net type wire [/home/athanasi/Documents/GitHub/digital-circuit-lab/project_1/project_1.srcs/sources_1/new/FourDigitLEDdriverTextButton.v:89]
INFO: [VRFC 10-2458] undeclared symbol LOCKED, assumed default net type wire [/home/athanasi/Documents/GitHub/digital-circuit-lab/project_1/project_1.srcs/sources_1/new/FourDigitLEDdriverTextButton.v:91]
INFO: [VRFC 10-2458] undeclared symbol PWRDWN, assumed default net type wire [/home/athanasi/Documents/GitHub/digital-circuit-lab/project_1/project_1.srcs/sources_1/new/FourDigitLEDdriverTextButton.v:95]
INFO: [VRFC 10-2458] undeclared symbol RST, assumed default net type wire [/home/athanasi/Documents/GitHub/digital-circuit-lab/project_1/project_1.srcs/sources_1/new/FourDigitLEDdriverTextButton.v:96]
INFO: [VRFC 10-2263] Analyzing Verilog file "/home/athanasi/Documents/GitHub/digital-circuit-lab/project_1/project_1.srcs/sources_1/new/FourDigitLEDdriverTextTimer.v" into library xil_defaultlib
INFO: [VRFC 10-311] analyzing module FourDigitLEDdriverTextTimer
INFO: [VRFC 10-2458] undeclared symbol CLKOUT0, assumed default net type wire [/home/athanasi/Documents/GitHub/digital-circuit-lab/project_1/project_1.srcs/sources_1/new/FourDigitLEDdriverTextTimer.v:76]
INFO: [VRFC 10-2458] undeclared symbol CLKOUT0B, assumed default net type wire [/home/athanasi/Documents/GitHub/digital-circuit-lab/project_1/project_1.srcs/sources_1/new/FourDigitLEDdriverTextTimer.v:77]
INFO: [VRFC 10-2458] undeclared symbol CLKOUT1B, assumed default net type wire [/home/athanasi/Documents/GitHub/digital-circuit-lab/project_1/project_1.srcs/sources_1/new/FourDigitLEDdriverTextTimer.v:79]
INFO: [VRFC 10-2458] undeclared symbol CLKOUT2, assumed default net type wire [/home/athanasi/Documents/GitHub/digital-circuit-lab/project_1/project_1.srcs/sources_1/new/FourDigitLEDdriverTextTimer.v:80]
INFO: [VRFC 10-2458] undeclared symbol CLKOUT2B, assumed default net type wire [/home/athanasi/Documents/GitHub/digital-circuit-lab/project_1/project_1.srcs/sources_1/new/FourDigitLEDdriverTextTimer.v:81]
INFO: [VRFC 10-2458] undeclared symbol CLKOUT3, assumed default net type wire [/home/athanasi/Documents/GitHub/digital-circuit-lab/project_1/project_1.srcs/sources_1/new/FourDigitLEDdriverTextTimer.v:82]
INFO: [VRFC 10-2458] undeclared symbol CLKOUT3B, assumed default net type wire [/home/athanasi/Documents/GitHub/digital-circuit-lab/project_1/project_1.srcs/sources_1/new/FourDigitLEDdriverTextTimer.v:83]
INFO: [VRFC 10-2458] undeclared symbol CLKOUT4, assumed default net type wire [/home/athanasi/Documents/GitHub/digital-circuit-lab/project_1/project_1.srcs/sources_1/new/FourDigitLEDdriverTextTimer.v:84]
INFO: [VRFC 10-2458] undeclared symbol CLKOUT5, assumed default net type wire [/home/athanasi/Documents/GitHub/digital-circuit-lab/project_1/project_1.srcs/sources_1/new/FourDigitLEDdriverTextTimer.v:85]
INFO: [VRFC 10-2458] undeclared symbol CLKOUT6, assumed default net type wire [/home/athanasi/Documents/GitHub/digital-circuit-lab/project_1/project_1.srcs/sources_1/new/FourDigitLEDdriverTextTimer.v:86]
INFO: [VRFC 10-2458] undeclared symbol CLKFBOUTB, assumed default net type wire [/home/athanasi/Documents/GitHub/digital-circuit-lab/project_1/project_1.srcs/sources_1/new/FourDigitLEDdriverTextTimer.v:89]
INFO: [VRFC 10-2458] undeclared symbol LOCKED, assumed default net type wire [/home/athanasi/Documents/GitHub/digital-circuit-lab/project_1/project_1.srcs/sources_1/new/FourDigitLEDdriverTextTimer.v:91]
INFO: [VRFC 10-2458] undeclared symbol RST, assumed default net type wire [/home/athanasi/Documents/GitHub/digital-circuit-lab/project_1/project_1.srcs/sources_1/new/FourDigitLEDdriverTextTimer.v:96]
INFO: [VRFC 10-2263] Analyzing Verilog file "/home/athanasi/Documents/GitHub/digital-circuit-lab/project_1/project_1.srcs/sources_1/new/clean_button_module.v" into library xil_defaultlib
INFO: [VRFC 10-311] analyzing module clean_button_module
WARNING: [VRFC 10-986] literal value truncated to fit in 2 bits [/home/athanasi/Documents/GitHub/digital-circuit-lab/project_1/project_1.srcs/sources_1/new/clean_button_module.v:23]
INFO: [VRFC 10-2263] Analyzing Verilog file "/home/athanasi/Documents/GitHub/digital-circuit-lab/project_1/project_1.srcs/sources_1/new/scroll_time_module.v" into library xil_defaultlib
INFO: [VRFC 10-311] analyzing module scroll_time_module
INFO: [VRFC 10-2263] Analyzing Verilog file "/home/athanasi/Documents/GitHub/digital-circuit-lab/project_1/project_1.srcs/sources_1/new/scroll_bnt_module.v" into library xil_defaultlib
INFO: [VRFC 10-311] analyzing module scroll_bnt_module
INFO: [VRFC 10-2263] Analyzing Verilog file "/home/athanasi/Documents/GitHub/digital-circuit-lab/project_1/project_1.srcs/sources_1/new/digit_driver_module.v" into library xil_defaultlib
INFO: [VRFC 10-311] analyzing module digit_driver_module
INFO: [VRFC 10-2263] Analyzing Verilog file "/home/athanasi/Documents/GitHub/digital-circuit-lab/project_1/project_1.srcs/sources_1/new/clean_reset_module.v" into library xil_defaultlib
INFO: [VRFC 10-311] analyzing module clean_reset_module
WARNING: [VRFC 10-986] literal value truncated to fit in 2 bits [/home/athanasi/Documents/GitHub/digital-circuit-lab/project_1/project_1.srcs/sources_1/new/clean_reset_module.v:23]
INFO: [VRFC 10-2263] Analyzing Verilog file "/home/athanasi/Documents/GitHub/digital-circuit-lab/project_1/project_1.srcs/sim_3/new/FourDigitLEDdriverTextButton_tb.v" into library xil_defaultlib
INFO: [VRFC 10-311] analyzing module FourDigitLEDdriverTextButton_tb
