Vivado Simulator 2018.3
Copyright 1986-1999, 2001-2018 Xilinx, Inc. All Rights Reserved.
Running: /tools/Xilinx/Vivado/2018.3/bin/unwrapped/lnx64.o/xelab -wto 323bd428817a4db2bd28e6e44e0ee689 --incr --debug typical --relax --mt 8 -L xil_defaultlib -L unisims_ver -L unimacro_ver -L secureip --snapshot FourDigitLEDdriverTextButton_tb_behav xil_defaultlib.FourDigitLEDdriverTextButton_tb xil_defaultlib.glbl -log elaborate.log 
Using 8 slave threads.
Starting static elaboration
Completed static elaboration
Starting simulation data flow analysis
Completed simulation data flow analysis
Time Resolution for simulation is 1ps
Compiling module unisims_ver.MMCME2_ADV(CLKFBOUT_MULT_F=6.0,C...
Compiling module unisims_ver.MMCME2_BASE(CLKFBOUT_MULT_F=6.0,...
Compiling module xil_defaultlib.scroll_bnt_module
Compiling module xil_defaultlib.LEDdecoder
Compiling module xil_defaultlib.clean_reset_module
Compiling module xil_defaultlib.clean_button_module
Compiling module xil_defaultlib.digit_driver_module
Compiling module xil_defaultlib.FourDigitLEDdriverTextButton
Compiling module xil_defaultlib.FourDigitLEDdriverTextButton_tb
Compiling module xil_defaultlib.glbl
Built simulation snapshot FourDigitLEDdriverTextButton_tb_behav
