INFO: [VRFC 10-2263] Analyzing Verilog file "C:/Users/athanasi/Documents/ErgastiriPsifiakwnSistimatwn/project_1/project_1.srcs/sources_1/new/part1.v" into library xil_defaultlib
INFO: [VRFC 10-311] analyzing module LEDdecoder
INFO: [VRFC 10-2263] Analyzing Verilog file "C:/Users/athanasi/Documents/ErgastiriPsifiakwnSistimatwn/project_1/project_1.srcs/sources_1/new/part2.v" into library xil_defaultlib
INFO: [VRFC 10-311] analyzing module FourDigitLEDdriver
INFO: [VRFC 10-2458] undeclared symbol CLKOUT0, assumed default net type wire [C:/Users/athanasi/Documents/ErgastiriPsifiakwnSistimatwn/project_1/project_1.srcs/sources_1/new/part2.v:44]
INFO: [VRFC 10-2458] undeclared symbol CLKOUT0B, assumed default net type wire [C:/Users/athanasi/Documents/ErgastiriPsifiakwnSistimatwn/project_1/project_1.srcs/sources_1/new/part2.v:45]
INFO: [VRFC 10-2458] undeclared symbol CLKOUT1, assumed default net type wire [C:/Users/athanasi/Documents/ErgastiriPsifiakwnSistimatwn/project_1/project_1.srcs/sources_1/new/part2.v:46]
INFO: [VRFC 10-2458] undeclared symbol CLKOUT1B, assumed default net type wire [C:/Users/athanasi/Documents/ErgastiriPsifiakwnSistimatwn/project_1/project_1.srcs/sources_1/new/part2.v:47]
INFO: [VRFC 10-2458] undeclared symbol CLKOUT2, assumed default net type wire [C:/Users/athanasi/Documents/ErgastiriPsifiakwnSistimatwn/project_1/project_1.srcs/sources_1/new/part2.v:48]
INFO: [VRFC 10-2458] undeclared symbol CLKOUT2B, assumed default net type wire [C:/Users/athanasi/Documents/ErgastiriPsifiakwnSistimatwn/project_1/project_1.srcs/sources_1/new/part2.v:49]
INFO: [VRFC 10-2458] undeclared symbol CLKOUT3, assumed default net type wire [C:/Users/athanasi/Documents/ErgastiriPsifiakwnSistimatwn/project_1/project_1.srcs/sources_1/new/part2.v:50]
INFO: [VRFC 10-2458] undeclared symbol CLKOUT3B, assumed default net type wire [C:/Users/athanasi/Documents/ErgastiriPsifiakwnSistimatwn/project_1/project_1.srcs/sources_1/new/part2.v:51]
INFO: [VRFC 10-2458] undeclared symbol CLKOUT4, assumed default net type wire [C:/Users/athanasi/Documents/ErgastiriPsifiakwnSistimatwn/project_1/project_1.srcs/sources_1/new/part2.v:52]
INFO: [VRFC 10-2458] undeclared symbol CLKOUT5, assumed default net type wire [C:/Users/athanasi/Documents/ErgastiriPsifiakwnSistimatwn/project_1/project_1.srcs/sources_1/new/part2.v:53]
INFO: [VRFC 10-2458] undeclared symbol CLKOUT6, assumed default net type wire [C:/Users/athanasi/Documents/ErgastiriPsifiakwnSistimatwn/project_1/project_1.srcs/sources_1/new/part2.v:54]
INFO: [VRFC 10-2458] undeclared symbol CLKFBOUT, assumed default net type wire [C:/Users/athanasi/Documents/ErgastiriPsifiakwnSistimatwn/project_1/project_1.srcs/sources_1/new/part2.v:56]
INFO: [VRFC 10-2458] undeclared symbol CLKFBOUTB, assumed default net type wire [C:/Users/athanasi/Documents/ErgastiriPsifiakwnSistimatwn/project_1/project_1.srcs/sources_1/new/part2.v:57]
INFO: [VRFC 10-2458] undeclared symbol LOCKED, assumed default net type wire [C:/Users/athanasi/Documents/ErgastiriPsifiakwnSistimatwn/project_1/project_1.srcs/sources_1/new/part2.v:59]
INFO: [VRFC 10-2458] undeclared symbol PWRDWN, assumed default net type wire [C:/Users/athanasi/Documents/ErgastiriPsifiakwnSistimatwn/project_1/project_1.srcs/sources_1/new/part2.v:63]
INFO: [VRFC 10-2458] undeclared symbol RST, assumed default net type wire [C:/Users/athanasi/Documents/ErgastiriPsifiakwnSistimatwn/project_1/project_1.srcs/sources_1/new/part2.v:64]
INFO: [VRFC 10-2458] undeclared symbol CLKFBIN, assumed default net type wire [C:/Users/athanasi/Documents/ErgastiriPsifiakwnSistimatwn/project_1/project_1.srcs/sources_1/new/part2.v:66]
WARNING: [VRFC 10-965] invalid size of integer constant literal [C:/Users/athanasi/Documents/ErgastiriPsifiakwnSistimatwn/project_1/project_1.srcs/sources_1/new/part2.v:71]
INFO: [VRFC 10-2263] Analyzing Verilog file "C:/Users/athanasi/Documents/ErgastiriPsifiakwnSistimatwn/project_1/project_1.srcs/sim_1/new/FourDigitLEDdriver_tb.v" into library xil_defaultlib
INFO: [VRFC 10-311] analyzing module FourDigitLEDdriver_tb
