#! /c/Source/iverilog-install/bin/vvp
:ivl_version "12.0 (devel)" "(s20150603-1539-g2693dd32b)";
:ivl_delay_selection "TYPICAL";
:vpi_time_precision + 0;
:vpi_module "C:\iverilog\lib\ivl\system.vpi";
:vpi_module "C:\iverilog\lib\ivl\vhdl_sys.vpi";
:vpi_module "C:\iverilog\lib\ivl\vhdl_textio.vpi";
:vpi_module "C:\iverilog\lib\ivl\v2005_math.vpi";
:vpi_module "C:\iverilog\lib\ivl\va_math.vpi";
S_00000215f1312db0 .scope module, "LEDdecoder" "LEDdecoder" 2 1;
 .timescale 0 0;
    .port_info 0 /INPUT 4 "char";
    .port_info 1 /OUTPUT 7 "LED";
v00000215f1312f40_0 .var "LED", 6 0;
o00000215f1347008 .functor BUFZ 4, C4<zzzz>; HiZ drive
v00000215f1312fe0_0 .net "char", 3 0, o00000215f1347008;  0 drivers
E_00000215f12fca70 .event anyedge, v00000215f1312fe0_0;
    .scope S_00000215f1312db0;
T_0 ;
    %wait E_00000215f12fca70;
    %load/vec4 v00000215f1312fe0_0;
    %dup/vec4;
    %pushi/vec4 0, 0, 4;
    %cmp/u;
    %jmp/1 T_0.0, 6;
    %dup/vec4;
    %pushi/vec4 1, 0, 4;
    %cmp/u;
    %jmp/1 T_0.1, 6;
    %dup/vec4;
    %pushi/vec4 2, 0, 4;
    %cmp/u;
    %jmp/1 T_0.2, 6;
    %dup/vec4;
    %pushi/vec4 3, 0, 4;
    %cmp/u;
    %jmp/1 T_0.3, 6;
    %dup/vec4;
    %pushi/vec4 4, 0, 4;
    %cmp/u;
    %jmp/1 T_0.4, 6;
    %dup/vec4;
    %pushi/vec4 5, 0, 4;
    %cmp/u;
    %jmp/1 T_0.5, 6;
    %dup/vec4;
    %pushi/vec4 6, 0, 4;
    %cmp/u;
    %jmp/1 T_0.6, 6;
    %dup/vec4;
    %pushi/vec4 7, 0, 4;
    %cmp/u;
    %jmp/1 T_0.7, 6;
    %dup/vec4;
    %pushi/vec4 8, 0, 4;
    %cmp/u;
    %jmp/1 T_0.8, 6;
    %dup/vec4;
    %pushi/vec4 9, 0, 4;
    %cmp/u;
    %jmp/1 T_0.9, 6;
    %dup/vec4;
    %pushi/vec4 10, 0, 4;
    %cmp/u;
    %jmp/1 T_0.10, 6;
    %dup/vec4;
    %pushi/vec4 11, 0, 4;
    %cmp/u;
    %jmp/1 T_0.11, 6;
    %dup/vec4;
    %pushi/vec4 12, 0, 4;
    %cmp/u;
    %jmp/1 T_0.12, 6;
    %dup/vec4;
    %pushi/vec4 13, 0, 4;
    %cmp/u;
    %jmp/1 T_0.13, 6;
    %dup/vec4;
    %pushi/vec4 14, 0, 4;
    %cmp/u;
    %jmp/1 T_0.14, 6;
    %dup/vec4;
    %pushi/vec4 15, 0, 4;
    %cmp/u;
    %jmp/1 T_0.15, 6;
    %pushi/vec4 108, 0, 7;
    %store/vec4 v00000215f1312f40_0, 0, 7;
    %jmp T_0.17;
T_0.0 ;
    %pushi/vec4 126, 0, 7;
    %store/vec4 v00000215f1312f40_0, 0, 7;
    %jmp T_0.17;
T_0.1 ;
    %pushi/vec4 48, 0, 7;
    %store/vec4 v00000215f1312f40_0, 0, 7;
    %jmp T_0.17;
T_0.2 ;
    %pushi/vec4 109, 0, 7;
    %store/vec4 v00000215f1312f40_0, 0, 7;
    %jmp T_0.17;
T_0.3 ;
    %pushi/vec4 121, 0, 7;
    %store/vec4 v00000215f1312f40_0, 0, 7;
    %jmp T_0.17;
T_0.4 ;
    %pushi/vec4 51, 0, 7;
    %store/vec4 v00000215f1312f40_0, 0, 7;
    %jmp T_0.17;
T_0.5 ;
    %pushi/vec4 91, 0, 7;
    %store/vec4 v00000215f1312f40_0, 0, 7;
    %jmp T_0.17;
T_0.6 ;
    %pushi/vec4 95, 0, 7;
    %store/vec4 v00000215f1312f40_0, 0, 7;
    %jmp T_0.17;
T_0.7 ;
    %pushi/vec4 112, 0, 7;
    %store/vec4 v00000215f1312f40_0, 0, 7;
    %jmp T_0.17;
T_0.8 ;
    %pushi/vec4 127, 0, 7;
    %store/vec4 v00000215f1312f40_0, 0, 7;
    %jmp T_0.17;
T_0.9 ;
    %pushi/vec4 123, 0, 7;
    %store/vec4 v00000215f1312f40_0, 0, 7;
    %jmp T_0.17;
T_0.10 ;
    %pushi/vec4 119, 0, 7;
    %store/vec4 v00000215f1312f40_0, 0, 7;
    %jmp T_0.17;
T_0.11 ;
    %pushi/vec4 31, 0, 7;
    %store/vec4 v00000215f1312f40_0, 0, 7;
    %jmp T_0.17;
T_0.12 ;
    %pushi/vec4 78, 0, 7;
    %store/vec4 v00000215f1312f40_0, 0, 7;
    %jmp T_0.17;
T_0.13 ;
    %pushi/vec4 61, 0, 7;
    %store/vec4 v00000215f1312f40_0, 0, 7;
    %jmp T_0.17;
T_0.14 ;
    %pushi/vec4 79, 0, 7;
    %store/vec4 v00000215f1312f40_0, 0, 7;
    %jmp T_0.17;
T_0.15 ;
    %pushi/vec4 71, 0, 7;
    %store/vec4 v00000215f1312f40_0, 0, 7;
    %jmp T_0.17;
T_0.17 ;
    %pop/vec4 1;
    %jmp T_0;
    .thread T_0, $push;
# The file index is used to find the file name in the following table.
:file_names 3;
    "N/A";
    "<interactive>";
    "project_1.srcs\sources_1\new\part1.v";
