INFO: [VRFC 10-2263] Analyzing Verilog file "C:/Users/athanasi/Documents/ErgastiriPsifiakwnSistimatwn/project_1/project_1.srcs/sources_1/new/part1.v" into library xil_defaultlib
INFO: [VRFC 10-311] analyzing module LEDdecoder
INFO: [VRFC 10-2263] Analyzing Verilog file "C:/Users/athanasi/Documents/ErgastiriPsifiakwnSistimatwn/project_1/project_1.srcs/sources_1/new/part2.v" into library xil_defaultlib
INFO: [VRFC 10-311] analyzing module FourDigitLEDdriver
INFO: [VRFC 10-2458] undeclared symbol CLKOUT0, assumed default net type wire [C:/Users/athanasi/Documents/ErgastiriPsifiakwnSistimatwn/project_1/project_1.srcs/sources_1/new/part2.v:53]
INFO: [VRFC 10-2458] undeclared symbol CLKOUT0B, assumed default net type wire [C:/Users/athanasi/Documents/ErgastiriPsifiakwnSistimatwn/project_1/project_1.srcs/sources_1/new/part2.v:54]
INFO: [VRFC 10-2458] undeclared symbol CLKOUT1B, assumed default net type wire [C:/Users/athanasi/Documents/ErgastiriPsifiakwnSistimatwn/project_1/project_1.srcs/sources_1/new/part2.v:56]
INFO: [VRFC 10-2458] undeclared symbol CLKOUT2, assumed default net type wire [C:/Users/athanasi/Documents/ErgastiriPsifiakwnSistimatwn/project_1/project_1.srcs/sources_1/new/part2.v:57]
INFO: [VRFC 10-2458] undeclared symbol CLKOUT2B, assumed default net type wire [C:/Users/athanasi/Documents/ErgastiriPsifiakwnSistimatwn/project_1/project_1.srcs/sources_1/new/part2.v:58]
INFO: [VRFC 10-2458] undeclared symbol CLKOUT3, assumed default net type wire [C:/Users/athanasi/Documents/ErgastiriPsifiakwnSistimatwn/project_1/project_1.srcs/sources_1/new/part2.v:59]
INFO: [VRFC 10-2458] undeclared symbol CLKOUT3B, assumed default net type wire [C:/Users/athanasi/Documents/ErgastiriPsifiakwnSistimatwn/project_1/project_1.srcs/sources_1/new/part2.v:60]
INFO: [VRFC 10-2458] undeclared symbol CLKOUT4, assumed default net type wire [C:/Users/athanasi/Documents/ErgastiriPsifiakwnSistimatwn/project_1/project_1.srcs/sources_1/new/part2.v:61]
INFO: [VRFC 10-2458] undeclared symbol CLKOUT5, assumed default net type wire [C:/Users/athanasi/Documents/ErgastiriPsifiakwnSistimatwn/project_1/project_1.srcs/sources_1/new/part2.v:62]
INFO: [VRFC 10-2458] undeclared symbol CLKOUT6, assumed default net type wire [C:/Users/athanasi/Documents/ErgastiriPsifiakwnSistimatwn/project_1/project_1.srcs/sources_1/new/part2.v:63]
INFO: [VRFC 10-2458] undeclared symbol CLKFBOUTB, assumed default net type wire [C:/Users/athanasi/Documents/ErgastiriPsifiakwnSistimatwn/project_1/project_1.srcs/sources_1/new/part2.v:66]
INFO: [VRFC 10-2458] undeclared symbol LOCKED, assumed default net type wire [C:/Users/athanasi/Documents/ErgastiriPsifiakwnSistimatwn/project_1/project_1.srcs/sources_1/new/part2.v:68]
INFO: [VRFC 10-2458] undeclared symbol PWRDWN, assumed default net type wire [C:/Users/athanasi/Documents/ErgastiriPsifiakwnSistimatwn/project_1/project_1.srcs/sources_1/new/part2.v:72]
INFO: [VRFC 10-2458] undeclared symbol RST, assumed default net type wire [C:/Users/athanasi/Documents/ErgastiriPsifiakwnSistimatwn/project_1/project_1.srcs/sources_1/new/part2.v:73]
INFO: [VRFC 10-2263] Analyzing Verilog file "C:/Users/athanasi/Documents/ErgastiriPsifiakwnSistimatwn/project_1/project_1.srcs/sim_2/new/FourDigitLEDdriver_tb.v" into library xil_defaultlib
INFO: [VRFC 10-311] analyzing module FourDigitLEDdriver_tb
