Copyright 1986-2018 Xilinx, Inc. All Rights Reserved.
---------------------------------------------------------------------------------------------------------
| Tool Version : Vivado v.2018.3 (lin64) Build 2405991 Thu Dec  6 23:36:41 MST 2018
| Date         : Wed Nov 15 15:53:29 2023
| Host         : athanasi-laptop running 64-bit Debian GNU/Linux 12 (bookworm)
| Command      : report_control_sets -verbose -file FourDigitLEDdriverTextButton_control_sets_placed.rpt
| Design       : FourDigitLEDdriverTextButton
| Device       : xc7a100t
---------------------------------------------------------------------------------------------------------

Control Set Information

Table of Contents
-----------------
1. Summary
2. Histogram
3. Flip-Flop Distribution
4. Detailed Control Set Information

1. Summary
----------

+----------------------------------------------------------+-------+
|                          Status                          | Count |
+----------------------------------------------------------+-------+
| Number of unique control sets                            |     4 |
| Unused register locations in slices containing registers |    14 |
+----------------------------------------------------------+-------+


2. Histogram
------------

+--------+--------------+
| Fanout | Control Sets |
+--------+--------------+
|      4 |            1 |
|      8 |            1 |
|    16+ |            2 |
+--------+--------------+


3. Flip-Flop Distribution
-------------------------

+--------------+-----------------------+------------------------+-----------------+--------------+
| Clock Enable | Synchronous Set/Reset | Asynchronous Set/Reset | Total Registers | Total Slices |
+--------------+-----------------------+------------------------+-----------------+--------------+
| No           | No                    | No                     |               4 |            2 |
| No           | No                    | Yes                    |               8 |            2 |
| No           | Yes                   | No                     |               0 |            0 |
| Yes          | No                    | No                     |               0 |            0 |
| Yes          | No                    | Yes                    |               0 |            0 |
| Yes          | Yes                   | No                     |              38 |           10 |
+--------------+-----------------------+------------------------+-----------------+--------------+


4. Detailed Control Set Information
-----------------------------------

+---------------+----------------------------+---------------------------------+------------------+----------------+
|  Clock Signal |        Enable Signal       |         Set/Reset Signal        | Slice Load Count | Bel Load Count |
+---------------+----------------------------+---------------------------------+------------------+----------------+
|  clk_ssd_BUFG |                            |                                 |                2 |              4 |
|  clk_ssd_BUFG |                            | clean_reset/AR[0]               |                2 |              8 |
|  clk_ssd_BUFG | clean_reset/sel            | clean_reset/counter[0]_i_1_n_0  |                5 |             19 |
|  clk_ssd_BUFG | clean_bnt/counter_reg[0]_0 | clean_bnt/counter[0]_i_1__0_n_0 |                5 |             19 |
+---------------+----------------------------+---------------------------------+------------------+----------------+


