Copyright 1986-2018 Xilinx, Inc. All Rights Reserved.
-----------------------------------------------------------------------------------------------
| Tool Version : Vivado v.2018.3 (win64) Build 2405991 Thu Dec  6 23:38:27 MST 2018
| Date         : Sat Nov  4 01:23:46 2023
| Host         : athanasi-DESKTOP running 64-bit major release  (build 9200)
| Command      : report_control_sets -verbose -file FourDigitLEDdriver_control_sets_placed.rpt
| Design       : FourDigitLEDdriver
| Device       : xc7a100t
-----------------------------------------------------------------------------------------------

Control Set Information

Table of Contents
-----------------
1. Summary
2. Histogram
3. Flip-Flop Distribution
4. Detailed Control Set Information

1. Summary
----------

+----------------------------------------------------------+-------+
|                          Status                          | Count |
+----------------------------------------------------------+-------+
| Number of unique control sets                            |     2 |
| Unused register locations in slices containing registers |     5 |
+----------------------------------------------------------+-------+


2. Histogram
------------

+--------+--------------+
| Fanout | Control Sets |
+--------+--------------+
|      4 |            1 |
|      7 |            1 |
+--------+--------------+


3. Flip-Flop Distribution
-------------------------

+--------------+-----------------------+------------------------+-----------------+--------------+
| Clock Enable | Synchronous Set/Reset | Asynchronous Set/Reset | Total Registers | Total Slices |
+--------------+-----------------------+------------------------+-----------------+--------------+
| No           | No                    | No                     |               0 |            0 |
| No           | No                    | Yes                    |               7 |            3 |
| No           | Yes                   | No                     |               0 |            0 |
| Yes          | No                    | No                     |               0 |            0 |
| Yes          | No                    | Yes                    |               4 |            1 |
| Yes          | Yes                   | No                     |               0 |            0 |
+--------------+-----------------------+------------------------+-----------------+--------------+


4. Detailed Control Set Information
-----------------------------------

+---------------+---------------+------------------+------------------+----------------+
|  Clock Signal | Enable Signal | Set/Reset Signal | Slice Load Count | Bel Load Count |
+---------------+---------------+------------------+------------------+----------------+
|  clk_ssd_BUFG | an3_i_1_n_0   | reset_IBUF       |                1 |              4 |
|  clk_ssd_BUFG |               | reset_IBUF       |                3 |              7 |
+---------------+---------------+------------------+------------------+----------------+


