Vivado Simulator 2018.3
Copyright 1986-1999, 2001-2018 Xilinx, Inc. All Rights Reserved.
Running: C:/Xilinx/Vivado/2018.3/bin/unwrapped/win64.o/xelab.exe -wto d5894e8e3316436a9d12ab5bf4f946c0 --incr --debug typical --relax --mt 2 -L xil_defaultlib -L unisims_ver -L unimacro_ver -L secureip --snapshot system_controller_tb_behav xil_defaultlib.system_controller_tb xil_defaultlib.glbl -log elaborate.log 
Using 2 slave threads.
Starting static elaboration
Completed static elaboration
Starting simulation data flow analysis
Completed simulation data flow analysis
Time Resolution for simulation is 1ps
Compiling module xil_defaultlib.sync_reest_module
Compiling module xil_defaultlib.system_controller
Compiling module unisims_ver.MMCME2_ADV(CLKFBOUT_MULT_F=6.0,C...
Compiling module unisims_ver.MMCME2_BASE(CLKFBOUT_MULT_F=6.0,...
Compiling module xil_defaultlib.LEDdecoder
Compiling module xil_defaultlib.digit_driver_module
Compiling module xil_defaultlib.FourDigitLEDdriver
Compiling module xil_defaultlib.transmitter_WR_module
Compiling module xil_defaultlib.trasmitter_baud
Compiling module xil_defaultlib.transmit_module
Compiling module xil_defaultlib.baud_controller
Compiling module xil_defaultlib.uart_transmitter
Compiling module xil_defaultlib.receiver_baud
Compiling module xil_defaultlib.receive_module
Compiling module xil_defaultlib.uart_receiver
Compiling module xil_defaultlib.uart_transceiver
Compiling module xil_defaultlib.uart_system
Compiling module xil_defaultlib.system_controller_tb
Compiling module xil_defaultlib.glbl
Built simulation snapshot system_controller_tb_behav
