INFO: [VRFC 10-2263] Analyzing Verilog file "C:/Users/athanasi/Documents/GitHub/digital-circuit-lab/project_1/project_1.sim/sim_3/synth/timing/xsim/FourDigitLEDdriverText_tb_time_synth.v" into library xil_defaultlib
INFO: [VRFC 10-311] analyzing module FourDigitLEDdriver
INFO: [VRFC 10-311] analyzing module LEDdecoder
INFO: [VRFC 10-311] analyzing module clean_button_module
INFO: [VRFC 10-311] analyzing module glbl
INFO: [VRFC 10-2263] Analyzing Verilog file "C:/Users/athanasi/Documents/GitHub/digital-circuit-lab/project_1/project_1.srcs/sources_1/new/part1.v" into library xil_defaultlib
INFO: [VRFC 10-311] analyzing module LEDdecoder
WARNING: [VRFC 10-3609] overwriting previous definition of module 'LEDdecoder' [C:/Users/athanasi/Documents/GitHub/digital-circuit-lab/project_1/project_1.srcs/sources_1/new/part1.v:3]
INFO: [VRFC 10-2263] Analyzing Verilog file "C:/Users/athanasi/Documents/GitHub/digital-circuit-lab/project_1/project_1.srcs/sources_1/new/part2.v" into library xil_defaultlib
INFO: [VRFC 10-311] analyzing module FourDigitLEDdriver
INFO: [VRFC 10-2458] undeclared symbol CLKOUT0, assumed default net type wire [C:/Users/athanasi/Documents/GitHub/digital-circuit-lab/project_1/project_1.srcs/sources_1/new/part2.v:53]
INFO: [VRFC 10-2458] undeclared symbol CLKOUT0B, assumed default net type wire [C:/Users/athanasi/Documents/GitHub/digital-circuit-lab/project_1/project_1.srcs/sources_1/new/part2.v:54]
INFO: [VRFC 10-2458] undeclared symbol CLKOUT1B, assumed default net type wire [C:/Users/athanasi/Documents/GitHub/digital-circuit-lab/project_1/project_1.srcs/sources_1/new/part2.v:56]
INFO: [VRFC 10-2458] undeclared symbol CLKOUT2, assumed default net type wire [C:/Users/athanasi/Documents/GitHub/digital-circuit-lab/project_1/project_1.srcs/sources_1/new/part2.v:57]
INFO: [VRFC 10-2458] undeclared symbol CLKOUT2B, assumed default net type wire [C:/Users/athanasi/Documents/GitHub/digital-circuit-lab/project_1/project_1.srcs/sources_1/new/part2.v:58]
INFO: [VRFC 10-2458] undeclared symbol CLKOUT3, assumed default net type wire [C:/Users/athanasi/Documents/GitHub/digital-circuit-lab/project_1/project_1.srcs/sources_1/new/part2.v:59]
INFO: [VRFC 10-2458] undeclared symbol CLKOUT3B, assumed default net type wire [C:/Users/athanasi/Documents/GitHub/digital-circuit-lab/project_1/project_1.srcs/sources_1/new/part2.v:60]
INFO: [VRFC 10-2458] undeclared symbol CLKOUT4, assumed default net type wire [C:/Users/athanasi/Documents/GitHub/digital-circuit-lab/project_1/project_1.srcs/sources_1/new/part2.v:61]
INFO: [VRFC 10-2458] undeclared symbol CLKOUT5, assumed default net type wire [C:/Users/athanasi/Documents/GitHub/digital-circuit-lab/project_1/project_1.srcs/sources_1/new/part2.v:62]
INFO: [VRFC 10-2458] undeclared symbol CLKOUT6, assumed default net type wire [C:/Users/athanasi/Documents/GitHub/digital-circuit-lab/project_1/project_1.srcs/sources_1/new/part2.v:63]
INFO: [VRFC 10-2458] undeclared symbol CLKFBOUTB, assumed default net type wire [C:/Users/athanasi/Documents/GitHub/digital-circuit-lab/project_1/project_1.srcs/sources_1/new/part2.v:66]
INFO: [VRFC 10-2458] undeclared symbol LOCKED, assumed default net type wire [C:/Users/athanasi/Documents/GitHub/digital-circuit-lab/project_1/project_1.srcs/sources_1/new/part2.v:68]
INFO: [VRFC 10-2458] undeclared symbol PWRDWN, assumed default net type wire [C:/Users/athanasi/Documents/GitHub/digital-circuit-lab/project_1/project_1.srcs/sources_1/new/part2.v:72]
INFO: [VRFC 10-2458] undeclared symbol RST, assumed default net type wire [C:/Users/athanasi/Documents/GitHub/digital-circuit-lab/project_1/project_1.srcs/sources_1/new/part2.v:73]
WARNING: [VRFC 10-3609] overwriting previous definition of module 'FourDigitLEDdriver' [C:/Users/athanasi/Documents/GitHub/digital-circuit-lab/project_1/project_1.srcs/sources_1/new/part2.v:3]
INFO: [VRFC 10-311] analyzing module clean_button_module
WARNING: [VRFC 10-3676] redeclaration of ansi port 'button_clean' is not allowed [C:/Users/athanasi/Documents/GitHub/digital-circuit-lab/project_1/project_1.srcs/sources_1/new/part2.v:122]
WARNING: [VRFC 10-3609] overwriting previous definition of module 'clean_button_module' [C:/Users/athanasi/Documents/GitHub/digital-circuit-lab/project_1/project_1.srcs/sources_1/new/part2.v:119]
INFO: [VRFC 10-2263] Analyzing Verilog file "C:/Users/athanasi/Documents/GitHub/digital-circuit-lab/project_1/project_1.srcs/sources_1/new/part3.v" into library xil_defaultlib
INFO: [VRFC 10-311] analyzing module FourDigitLEDdriverText
INFO: [VRFC 10-2458] undeclared symbol CLKOUT0, assumed default net type wire [C:/Users/athanasi/Documents/GitHub/digital-circuit-lab/project_1/project_1.srcs/sources_1/new/part3.v:56]
INFO: [VRFC 10-2458] undeclared symbol CLKOUT0B, assumed default net type wire [C:/Users/athanasi/Documents/GitHub/digital-circuit-lab/project_1/project_1.srcs/sources_1/new/part3.v:57]
INFO: [VRFC 10-2458] undeclared symbol CLKOUT1B, assumed default net type wire [C:/Users/athanasi/Documents/GitHub/digital-circuit-lab/project_1/project_1.srcs/sources_1/new/part3.v:59]
INFO: [VRFC 10-2458] undeclared symbol CLKOUT2, assumed default net type wire [C:/Users/athanasi/Documents/GitHub/digital-circuit-lab/project_1/project_1.srcs/sources_1/new/part3.v:60]
INFO: [VRFC 10-2458] undeclared symbol CLKOUT2B, assumed default net type wire [C:/Users/athanasi/Documents/GitHub/digital-circuit-lab/project_1/project_1.srcs/sources_1/new/part3.v:61]
INFO: [VRFC 10-2458] undeclared symbol CLKOUT3, assumed default net type wire [C:/Users/athanasi/Documents/GitHub/digital-circuit-lab/project_1/project_1.srcs/sources_1/new/part3.v:62]
INFO: [VRFC 10-2458] undeclared symbol CLKOUT3B, assumed default net type wire [C:/Users/athanasi/Documents/GitHub/digital-circuit-lab/project_1/project_1.srcs/sources_1/new/part3.v:63]
INFO: [VRFC 10-2458] undeclared symbol CLKOUT4, assumed default net type wire [C:/Users/athanasi/Documents/GitHub/digital-circuit-lab/project_1/project_1.srcs/sources_1/new/part3.v:64]
INFO: [VRFC 10-2458] undeclared symbol CLKOUT5, assumed default net type wire [C:/Users/athanasi/Documents/GitHub/digital-circuit-lab/project_1/project_1.srcs/sources_1/new/part3.v:65]
INFO: [VRFC 10-2458] undeclared symbol CLKOUT6, assumed default net type wire [C:/Users/athanasi/Documents/GitHub/digital-circuit-lab/project_1/project_1.srcs/sources_1/new/part3.v:66]
INFO: [VRFC 10-2458] undeclared symbol CLKFBOUTB, assumed default net type wire [C:/Users/athanasi/Documents/GitHub/digital-circuit-lab/project_1/project_1.srcs/sources_1/new/part3.v:69]
INFO: [VRFC 10-2458] undeclared symbol LOCKED, assumed default net type wire [C:/Users/athanasi/Documents/GitHub/digital-circuit-lab/project_1/project_1.srcs/sources_1/new/part3.v:71]
INFO: [VRFC 10-2458] undeclared symbol PWRDWN, assumed default net type wire [C:/Users/athanasi/Documents/GitHub/digital-circuit-lab/project_1/project_1.srcs/sources_1/new/part3.v:75]
INFO: [VRFC 10-2458] undeclared symbol RST, assumed default net type wire [C:/Users/athanasi/Documents/GitHub/digital-circuit-lab/project_1/project_1.srcs/sources_1/new/part3.v:76]
INFO: [VRFC 10-2263] Analyzing Verilog file "C:/Users/athanasi/Documents/GitHub/digital-circuit-lab/project_1/project_1.srcs/sim_3/new/part3_tb.v" into library xil_defaultlib
INFO: [VRFC 10-311] analyzing module FourDigitLEDdriverText_tb
